#
# A fatal error has been detected by the Java Runtime Environment:
#
#  EXCEPTION_ACCESS_VIOLATION (0xc0000005) at pc=0x00007ff93b7ccb73, pid=5816, tid=18336
#
# JRE version:  (11.0.21+9) (build )
# Java VM: OpenJDK 64-Bit Server VM (11.0.21+9-adhoc..jdk11u, mixed mode, sharing, tiered, compressed oops, g1 gc, windows-amd64)
# Problematic frame:
# V  [jvm.dll+0x1ecb73]
#
# No core dump will be written. Minidumps are not enabled by default on client versions of Windows
#
#

---------------  S U M M A R Y ------------

Command Line: -Dcom.android.sdklib.toolsdir=C:\Users\ussha\AppData\Local\Android\Sdk\tools\bin\\.. com.android.sdklib.tool.sdkmanager.SdkManagerCli --list

Host: Intel(R) Core(TM) i5-1035G1 CPU @ 1.00GHz, 8 cores, 7G,  Windows 10 , 64 bit Build 19041 (10.0.19041.4597)
Time: Thu Jul 11 10:35:38 2024 India Standard Time elapsed time: 0.020281 seconds (0d 0h 0m 0s)

---------------  T H R E A D  ---------------

Current thread (0x0000016062033000):  JavaThread "Unknown thread" [_thread_in_vm, id=18336, stack(0x0000003452f00000,0x0000003453000000)]

Stack: [0x0000003452f00000,0x0000003453000000],  sp=0x0000003452ffefb0,  free space=1019k
Native frames: (J=compiled Java code, j=interpreted, Vv=VM code, C=native code)
V  [jvm.dll+0x1ecb73]
V  [jvm.dll+0x1eadf3]
V  [jvm.dll+0x37d80b]
V  [jvm.dll+0x74184f]
V  [jvm.dll+0x3ee1e7]
V  [jvm.dll+0x3f04f1]
C  [jli.dll+0x52ef]
C  [ucrtbase.dll+0x21bb2]
C  [KERNEL32.DLL+0x17374]
C  [ntdll.dll+0x4cc91]


siginfo: EXCEPTION_ACCESS_VIOLATION (0xc0000005), reading address 0x0000000000000000


Registers:
RAX=0x0000225d521b5936, RBX=0x0000000000000000, RCX=0x0000000000000000, RDX=0x0000000000000000
RSP=0x0000003452ffefb0, RBP=0x0000000000000000, RSI=0x0000016062033000, RDI=0x0000000000000000
R8 =0x0000000000000000, R9 =0x0000000000000000, R10=0x0000000000000000, R11=0x0000003452ffed60
R12=0x0000000000000000, R13=0x00007ff93bbca930, R14=0x0000003452fffcc8, R15=0x0000000000000008
RIP=0x00007ff93b7ccb73, EFLAGS=0x0000000000010256

Top of Stack: (sp=0x0000003452ffefb0)
0x0000003452ffefb0:   000001605fd45300 00007ff93b8c67c8
0x0000003452ffefc0:   0000000000000008 0000000000000400
0x0000003452ffefd0:   0000000000000000 0000016062033000
0x0000003452ffefe0:   0000f23d8f973e6f 00007ff93bbca930
0x0000003452ffeff0:   0000003452fff0d0 0000000000000008
0x0000003452fff000:   0000003452fffcc8 00007ff93bbca930
0x0000003452fff010:   0000000000000000 00007ff9742c0000
0x0000003452fff020:   00007ff93be51988 0000000000000000
0x0000003452fff030:   00007ff93b7cac9a 00007ff9a8fe7fac
0x0000003452fff040:   0000003452fff0d0 0000000000000001
0x0000003452fff050:   0000225d521b5936 0000003452fffcc8
0x0000003452fff060:   00007ff900000000 00007ff93bbca930
0x0000003452fff070:   0000016062033000 0000003452fff190
0x0000003452fff080:   000001605fd36a10 00007ff93b7cadf3
0x0000003452fff090:   00007ff984250000 00007ff9742cd0f4
0x0000003452fff0a0:   0000003452fff190 0000016062033000 

Instructions: (pc=0x00007ff93b7ccb73)
0x00007ff93b7cca73:   f0 ff 15 16 de 5c 00 48 8b cb 41 b1 01 48 2b 8c
0x00007ff93b7cca83:   24 90 00 00 00 45 33 c0 33 d2 c6 04 31 00 48 8b
0x00007ff93b7cca93:   ce e8 a7 0b 00 00 42 80 3c 33 3b 4a 8d 3c 33 75
0x00007ff93b7ccaa3:   1c 0f 1f 40 00 0f 1f 84 00 00 00 00 00 48 ff c3
0x00007ff93b7ccab3:   ff c5 42 80 3c 33 3b 4a 8d 3c 33 74 f0 49 83 3c
0x00007ff93b7ccac3:   24 00 74 18 48 8b 94 24 98 00 00 00 49 8b cf e8
0x00007ff93b7ccad3:   b9 48 ed ff 49 8b cc e8 21 48 ed ff 48 8b 44 24
0x00007ff93b7ccae3:   20 48 8d 4c 24 30 4d 89 67 10 49 89 47 18 48 8b
0x00007ff93b7ccaf3:   44 24 28 49 89 47 20 e8 41 a7 0f 00 44 8b ed 48
0x00007ff93b7ccb03:   89 9c 24 90 00 00 00 48 3b 5c 24 38 0f 8c cd fe
0x00007ff93b7ccb13:   ff ff 4c 8b 7c 24 40 4c 8b 64 24 48 48 8b 7c 24
0x00007ff93b7ccb23:   50 48 8b 74 24 58 48 8b 9c 24 80 00 00 00 48 83
0x00007ff93b7ccb33:   c4 60 41 5e 41 5d 5d c3 cc cc cc cc cc 40 53 55
0x00007ff93b7ccb43:   56 41 55 48 81 ec b8 00 00 00 48 8b 05 54 fa 85
0x00007ff93b7ccb53:   00 48 33 c4 48 89 84 24 a0 00 00 00 48 8b e9 48
0x00007ff93b7ccb63:   c7 c3 ff ff ff ff 0f 1f 80 00 00 00 00 48 ff c3
0x00007ff93b7ccb73:   80 3c 0b 00 75 f7 33 f6 c6 44 24 30 01 40 38 35
0x00007ff93b7ccb83:   34 08 89 00 74 17 40 38 35 a0 6d 88 00 75 0e 33
0x00007ff93b7ccb93:   d2 48 8d 0d 15 4c 68 00 e8 20 d6 1a 00 45 33 ed
0x00007ff93b7ccba3:   85 db 0f 8e 11 02 00 00 48 89 bc 24 e8 00 00 00
0x00007ff93b7ccbb3:   48 8b fd 48 63 c3 33 db 4c 89 a4 24 f0 00 00 00
0x00007ff93b7ccbc3:   4c 89 b4 24 f8 00 00 00 4c 89 bc 24 b0 00 00 00
0x00007ff93b7ccbd3:   48 89 5c 24 40 48 89 44 24 68 0f 1f 00 0f b6 07
0x00007ff93b7ccbe3:   84 c0 74 12 3c 3b 74 0e 0f b6 44 2b 01 48 ff c3
0x00007ff93b7ccbf3:   ff c6 84 c0 75 ee 48 8d 54 24 38 48 c7 44 24 38
0x00007ff93b7ccc03:   00 00 00 00 48 8d 4c 24 60 e8 8f a5 0f 00 48 8b
0x00007ff93b7ccc13:   44 24 38 33 d2 4c 8b b0 78 02 00 00 49 8b 46 18
0x00007ff93b7ccc23:   4d 8b 66 10 48 89 44 24 50 49 8b 46 20 48 89 44
0x00007ff93b7ccc33:   24 58 49 8b 46 28 48 89 44 24 48 8b c6 41 2b c5
0x00007ff93b7ccc43:   48 63 f8 48 8d 4f 01 e8 01 3e 4b 00 49 63 d5 4c
0x00007ff93b7ccc53:   8b c7 48 03 d5 48 8b c8 4c 8b f8 ff 15 2c dc 5c
0x00007ff93b7ccc63:   00 48 8b cb 48 2b 4c 24 40 80 7c 24 30 00 42 c6 



---------------  P R O C E S S  ---------------

Threads class SMR info:
_java_thread_list=0x000001605fd36ee0, length=0, elements={
}

Java Threads: ( => current thread )

Other Threads:

=>0x0000016062033000 (exited) JavaThread "Unknown thread" [_thread_in_vm, id=18336, stack(0x0000003452f00000,0x0000003453000000)]

Threads with active compile tasks:

VM state:not at safepoint (not fully initialized)

VM Mutex/Monitor currently owned by a thread: None


[error occurred during error reporting (printing compressed oops mode), id 0xc0000005, EXCEPTION_ACCESS_VIOLATION (0xc0000005) at pc=0x00007ff93bd40477]

Deoptimization events (0 events):
No events

Classes redefined (0 events):
No events

Internal exceptions (0 events):
No events

Events (1 events):
Event: 0.016 Loaded shared library C:\Program Files\OpenLogic\jdk-11.0.21.9-hotspot\bin\zip.dll


Dynamic libraries:
0x00007ff728bd0000 - 0x00007ff728bde000 	C:\Program Files\OpenLogic\jdk-11.0.21.9-hotspot\bin\java.exe
0x00007ff9ab8d0000 - 0x00007ff9abac8000 	C:\WINDOWS\SYSTEM32\ntdll.dll
0x00007ff9aaa70000 - 0x00007ff9aab31000 	C:\WINDOWS\System32\KERNEL32.DLL
0x00007ff9a8f80000 - 0x00007ff9a9276000 	C:\WINDOWS\System32\KERNELBASE.dll
0x00007ff9a9280000 - 0x00007ff9a9380000 	C:\WINDOWS\System32\ucrtbase.dll
0x00007ff987570000 - 0x00007ff98758b000 	C:\Program Files\OpenLogic\jdk-11.0.21.9-hotspot\bin\VCRUNTIME140.dll
0x00007ff984970000 - 0x00007ff984987000 	C:\Program Files\OpenLogic\jdk-11.0.21.9-hotspot\bin\jli.dll
0x00007ff9aa770000 - 0x00007ff9aa90f000 	C:\WINDOWS\System32\USER32.dll
0x00007ff9a9380000 - 0x00007ff9a93a2000 	C:\WINDOWS\System32\win32u.dll
0x00007ff9aab40000 - 0x00007ff9aab6b000 	C:\WINDOWS\System32\GDI32.dll
0x00007ff9a96b0000 - 0x00007ff9a97c7000 	C:\WINDOWS\System32\gdi32full.dll
0x00007ff9a9860000 - 0x00007ff9a98fd000 	C:\WINDOWS\System32\msvcp_win.dll
0x00007ff9968c0000 - 0x00007ff996b5a000 	C:\WINDOWS\WinSxS\amd64_microsoft.windows.common-controls_6595b64144ccf1df_6.0.19041.4355_none_60b8b9eb71f62e16\COMCTL32.dll
0x00007ff9aa9c0000 - 0x00007ff9aaa5e000 	C:\WINDOWS\System32\msvcrt.dll
0x00007ff9ab860000 - 0x00007ff9ab88f000 	C:\WINDOWS\System32\IMM32.DLL
0x00007ff994120000 - 0x00007ff99412c000 	C:\Program Files\OpenLogic\jdk-11.0.21.9-hotspot\bin\vcruntime140_1.dll
0x00007ff95fa40000 - 0x00007ff95facd000 	C:\Program Files\OpenLogic\jdk-11.0.21.9-hotspot\bin\msvcp140.dll
0x00007ff93b5e0000 - 0x00007ff93c12d000 	C:\Program Files\OpenLogic\jdk-11.0.21.9-hotspot\bin\server\jvm.dll
0x00007ff9aa910000 - 0x00007ff9aa9c0000 	C:\WINDOWS\System32\ADVAPI32.dll
0x00007ff9a9e00000 - 0x00007ff9a9ea0000 	C:\WINDOWS\System32\sechost.dll
0x00007ff9a9f10000 - 0x00007ff9aa033000 	C:\WINDOWS\System32\RPCRT4.dll
0x00007ff9a9680000 - 0x00007ff9a96a7000 	C:\WINDOWS\System32\bcrypt.dll
0x00007ff9aaa60000 - 0x00007ff9aaa68000 	C:\WINDOWS\System32\PSAPI.DLL
0x00007ff98dbf0000 - 0x00007ff98dbf9000 	C:\WINDOWS\SYSTEM32\WSOCK32.dll
0x00007ff990e50000 - 0x00007ff990e77000 	C:\WINDOWS\SYSTEM32\WINMM.dll
0x00007ff9aa650000 - 0x00007ff9aa6bb000 	C:\WINDOWS\System32\WS2_32.dll
0x00007ff9a1970000 - 0x00007ff9a197a000 	C:\WINDOWS\SYSTEM32\VERSION.dll
0x00007ff9a7790000 - 0x00007ff9a77a2000 	C:\WINDOWS\SYSTEM32\kernel.appcore.dll
0x00007ff98daf0000 - 0x00007ff98db00000 	C:\Program Files\OpenLogic\jdk-11.0.21.9-hotspot\bin\verify.dll
0x00007ff9a6d00000 - 0x00007ff9a6ee4000 	C:\WINDOWS\SYSTEM32\DBGHELP.DLL
0x00007ff98faf0000 - 0x00007ff98fb24000 	C:\WINDOWS\SYSTEM32\dbgcore.DLL
0x00007ff9a97d0000 - 0x00007ff9a9852000 	C:\WINDOWS\System32\bcryptPrimitives.dll
0x00007ff9742c0000 - 0x00007ff9742e8000 	C:\Program Files\OpenLogic\jdk-11.0.21.9-hotspot\bin\java.dll
0x00007ff98dab0000 - 0x00007ff98daba000 	C:\Program Files\OpenLogic\jdk-11.0.21.9-hotspot\bin\jimage.dll
0x00007ff984250000 - 0x00007ff984268000 	C:\Program Files\OpenLogic\jdk-11.0.21.9-hotspot\bin\zip.dll

dbghelp: loaded successfully - version: 4.0.5 - missing functions: none
symbol engine: initialized successfully - sym options: 0x614 - pdb path: .;C:\Program Files\OpenLogic\jdk-11.0.21.9-hotspot\bin;C:\WINDOWS\SYSTEM32;C:\WINDOWS\WinSxS\amd64_microsoft.windows.common-controls_6595b64144ccf1df_6.0.19041.4355_none_60b8b9eb71f62e16;C:\Program Files\OpenLogic\jdk-11.0.21.9-hotspot\bin\server

VM Arguments:
jvm_args: -Dcom.android.sdklib.toolsdir=C:\Users\ussha\AppData\Local\Android\Sdk\tools\bin\\.. 
java_command: com.android.sdklib.tool.sdkmanager.SdkManagerCli --list
java_class_path (initial): C:\Users\ussha\AppData\Local\Android\Sdk\tools\bin\..\lib\dvlib-26.0.0-dev.jar;C:\Users\ussha\AppData\Local\Android\Sdk\tools\bin\..\lib\jimfs-1.1.jar;C:\Users\ussha\AppData\Local\Android\Sdk\tools\bin\..\lib\jsr305-1.3.9.jar;C:\Users\ussha\AppData\Local\Android\Sdk\tools\bin\..\lib\repository-26.0.0-dev.jar;C:\Users\ussha\AppData\Local\Android\Sdk\tools\bin\..\lib\j2objc-annotations-1.1.jar;C:\Users\ussha\AppData\Local\Android\Sdk\tools\bin\..\lib\layoutlib-api-26.0.0-dev.jar;C:\Users\ussha\AppData\Local\Android\Sdk\tools\bin\..\lib\gson-2.3.jar;C:\Users\ussha\AppData\Local\Android\Sdk\tools\bin\..\lib\httpcore-4.2.5.jar;C:\Users\ussha\AppData\Local\Android\Sdk\tools\bin\..\lib\commons-logging-1.1.1.jar;C:\Users\ussha\AppData\Local\Android\Sdk\tools\bin\..\lib\commons-compress-1.12.jar;C:\Users\ussha\AppData\Local\Android\Sdk\tools\bin\..\lib\annotations-26.0.0-dev.jar;C:\Users\ussha\AppData\Local\Android\Sdk\tools\bin\..\lib\error_prone_annotations-2.0.18.jar;C:\Users\ussha\AppData\Local\Android\Sdk\tools\bin\..\lib\animal-sniffer-annotations-1.14.jar;C:\Users\ussha\AppData\Local\Android\Sdk\tools\bin\..\lib\httpclient-4.2.6.jar;C:\Users\ussha\AppData\Local\Android\Sdk\tools\bin\..\lib\commons-codec-1.6.jar;C:\Users\ussha\AppData\Local\Android\Sdk\tools\bin\..\lib\common-26.0.0-dev.jar;C:\Users\ussha\AppData\Local\Android\Sdk\tools\bin\..\lib\kxml2-2.3.0.jar;C:\Users\ussha\AppData\Local\Android\Sdk\tools\bin\..\lib\httpmime-4.1.jar;C:\Users\ussha\AppData\Local\Android\Sdk\tools\bin\..\lib\annotations-12.0.jar;C:\Users\ussha\AppData\Local\Android\Sdk\tools\bin\..\lib\sdklib-26.0.0-dev.jar;C:\Users\ussha\AppData\Local\Android\Sdk\tools\bin\..\lib\guava-22.0.jar
Launcher Type: SUN_STANDARD

[Global flags]
     uint G1ConcRefinementThreads                  = 8                                         {product} {ergonomic}
    uintx GCDrainStackTargetSize                   = 64                                        {product} {ergonomic}
   size_t InitialHeapSize                          = 130862976                                 {product} {ergonomic}
   size_t MaxHeapSize                              = 2093807616                                {product} {ergonomic}
    uintx ReservedCodeCacheSize                    = 251658240                              {pd product} {ergonomic}
     bool SegmentedCodeCache                       = true                                      {product} {ergonomic}
     bool UseCompressedClassPointers               = true                                 {lp64_product} {ergonomic}
     bool UseCompressedOops                        = true                                 {lp64_product} {ergonomic}
     bool UseG1GC                                  = true                                      {product} {ergonomic}
     bool UseLargePagesIndividualAllocation        = false                                  {pd product} {ergonomic}

Logging:
Log output configuration:
 #0: stdout all=warning uptime,level,tags
 #1: stderr all=off uptime,level,tags

Environment Variables:
JAVA_HOME=C:\Program Files\OpenLogic\jdk-11.0.21.9-hotspot
CLASSPATH=C:\Users\ussha\AppData\Local\Android\Sdk\tools\bin\..\lib\dvlib-26.0.0-dev.jar;C:\Users\ussha\AppData\Local\Android\Sdk\tools\bin\..\lib\jimfs-1.1.jar;C:\Users\ussha\AppData\Local\Android\Sdk\tools\bin\..\lib\jsr305-1.3.9.jar;C:\Users\ussha\AppData\Local\Android\Sdk\tools\bin\..\lib\repository-26.0.0-dev.jar;C:\Users\ussha\AppData\Local\Android\Sdk\tools\bin\..\lib\j2objc-annotations-1.1.jar;C:\Users\ussha\AppData\Local\Android\Sdk\tools\bin\..\lib\layoutlib-api-26.0.0-dev.jar;C:\Users\ussha\AppData\Local\Android\Sdk\tools\bin\..\lib\gson-2.3.jar;C:\Users\ussha\AppData\Local\Android\Sdk\tools\bin\..\lib\httpcore-4.2.5.jar;C:\Users\ussha\AppData\Local\Android\Sdk\tools\bin\..\lib\commons-logging-1.1.1.jar;C:\Users\ussha\AppData\Local\Android\Sdk\tools\bin\..\lib\commons-compress-1.12.jar;C:\Users\ussha\AppData\Local\Android\Sdk\tools\bin\..\lib\annotations-26.0.0-dev.jar;C:\Users\ussha\AppData\Local\Android\Sdk\tools\bin\..\lib\error_prone_annotations-2.0.18.jar;C:\Users\ussha\AppData\Local\Android\Sdk\tools\bin\..\lib\animal-sniffer-annotations-1.14.jar;C:\Users\ussha\AppData\Local\Android\Sdk\tools\bin\..\lib\httpclient-4.2.6.jar;C:\Users\ussha\AppData\Local\Android\Sdk\tools\bin\..\lib\commons-codec-1.6.jar;C:\Users\ussha\AppData\Local\Android\Sdk\tools\bin\..\lib\common-26.0.0-dev.jar;C:\Users\ussha\AppData\Local\Android\Sdk\tools\bin\..\lib\kxml2-2.3.0.jar;C:\Users\ussha\AppData\Local\Android\Sdk\tools\bin\..\lib\httpmime-4.1.jar;C:\Users\ussha\AppData\Local\Android\Sdk\tools\bin\..\lib\annotations-12.0.jar;C:\Users\ussha\AppData\Local\Android\Sdk\tools\bin\..\lib\sdklib-26.0.0-dev.jar;C:\Users\ussha\AppData\Local\Android\Sdk\tools\bin\..\lib\guava-22.0.jar
PATH=D:\react native\native\newApp\node_modules\.bin;D:\react native\native\newApp\node_modules\.bin;D:\react native\native\node_modules\.bin;D:\react native\node_modules\.bin;D:\node_modules\.bin;C:\Program Files\nodejs\node_modules\npm\node_modules\@npmcli\run-script\lib\node-gyp-bin;C:\Program Files\OpenLogic\jdk-21.0.3.9-hotspot\bin;C:\Program Files\Common Files\Oracle\Java\javapath;C:\Python312\Scripts\;C:\Python312\;C:\Program Files\OpenLogic\jdk-11.0.21.9-hotspot\bin;C:\Program Files\Python311\Scripts\;C:\Program Files\Python311\;C:\WINDOWS\system32;C:\WINDOWS;C:\WINDOWS\System32\Wbem;C:\WINDOWS\System32\WindowsPowerShell\v1.0\;C:\WINDOWS\System32\OpenSSH\;C:\Program Files\dotnet\;C:\MinGW\bin;C:\Program Files\mongosh\bin;C:\Program Files\MySQL\MySQL Server 8.0\bin;C:\Program Files\Git\cmd;C:\Users\ussha\OneDrive\Desktop\flutter\bin;C:\Program Files\nodejs\;C:\ProgramData\chocolatey\bin;C:\Users\ussha\AppData\Local\Android\Sdk;C:\Users\ussha\AppData\Local\Android\Sdk\platform-tools;C:\Users\ussha\AppData\Local\Android\Sdk\emulator;C:\Users\ussha\AppData\Local\Android\Sdk\tools;C:\Users\ussha\AppData\Local\Android\Sdk\tools\bin;C:\Users\ussha\.console-ninja\.bin;C:\Program Files\MySQL\MySQL Shell 8.0\bin\;C:\Users\ussha\AppData\Local\Microsoft\WindowsApps;C:\MinGW\bin;C:\Users\ussha\AppData\Local\Programs\Microsoft VS Code\bin;C:\Program Files\heroku\bin;C:\Program Files\mongosh\bin;C:\MinGW\bin;C:\Program Files\Git\bin;C:\Users\ussha\AppData\Local\GitHubDesktop\bin;C:\Users\ussha\AppData\Local\Android\Sdk;C:\Users\ussha\AppData\Local\Android\Sdk\platform-tools;C:\Users\ussha\AppData\Local\Android\Sdk\emulator;C:\Users\ussha\OneDrive\Desktop\flutter\bin;C:\Users\ussha\AppData\Roaming\npm
USERNAME=ussha
LANG=en_US.UTF-8
OS=Windows_NT
PROCESSOR_IDENTIFIER=Intel64 Family 6 Model 126 Stepping 5, GenuineIntel
TMP=C:\Users\ussha\AppData\Local\Temp
TEMP=C:\Users\ussha\AppData\Local\Temp



---------------  S Y S T E M  ---------------

OS: Windows 10 , 64 bit Build 19041 (10.0.19041.4597)
OS uptime: 0 days 11:02 hours

CPU:total 8 (initial active 8) 

Memory: 4k page, system-wide physical 7987M (709M free)
TotalPageFile size 15974M (AvailPageFile size 2252M)
current process WorkingSet (physical memory assigned to process): 8M, peak: 8M
current process commit charge ("private bytes"): 3M, peak: 3M

vm_info: OpenJDK 64-Bit Server VM (11.0.21+9-adhoc..jdk11u) for windows-amd64 JRE (11.0.21+9-adhoc..jdk11u), built on Oct 18 2023 09:35:41 by "" with MS VC++ 16.10 / 16.11 (VS2019)

END.
